[    35.040] (WW) Failed to open protocol names file lib/xorg/protocol.txt
[    35.040] 
X.Org X Server 1.20.13
X Protocol Version 11, Revision 0
[    35.040] Build Operating System: Linux Archlinux
[    35.041] Current Operating System: Linux ArchRock 5.13.10-arch1-1 #1 SMP PREEMPT Thu, 12 Aug 2021 21:59:14 +0000 x86_64
[    35.041] Kernel command line: initrd=\initramfs-linux.img initrd=\amd-ucode.img root=PARTUUID=a11aae0a-fa0c-a245-b7fd-7205894680ce rw rootflags=subvol=@
[    35.041] Build Date: 04 August 2021  08:13:54AM
[    35.041]  
[    35.041] Current version of pixman: 0.40.0
[    35.041] 	Before reporting problems, check http://wiki.x.org
	to make sure that you have the latest version.
[    35.041] Markers: (--) probed, (**) from config file, (==) default setting,
	(++) from command line, (!!) notice, (II) informational,
	(WW) warning, (EE) error, (NI) not implemented, (??) unknown.
[    35.041] (==) Log file: "/home/joko/.local/share/xorg/Xorg.0.log", Time: Sun Aug 22 23:55:50 2021
[    35.042] (==) Using config directory: "/etc/X11/xorg.conf.d"
[    35.042] (==) Using system config directory "/usr/share/X11/xorg.conf.d"
[    35.042] (==) No Layout section.  Using the first Screen section.
[    35.042] (==) No screen section available. Using defaults.
[    35.042] (**) |-->Screen "Default Screen Section" (0)
[    35.042] (**) |   |-->Monitor "<default monitor>"
[    35.042] (==) No monitor specified for screen "Default Screen Section".
	Using a default monitor configuration.
[    35.042] (==) Automatically adding devices
[    35.042] (==) Automatically enabling devices
[    35.042] (==) Automatically adding GPU devices
[    35.042] (==) Automatically binding GPU devices
[    35.042] (==) Max clients allowed: 256, resource mask: 0x1fffff
[    35.043] (WW) The directory "/usr/share/fonts/misc" does not exist.
[    35.043] 	Entry deleted from font path.
[    35.043] (WW) `fonts.dir' not found (or not valid) in "/usr/share/fonts/TTF".
[    35.043] 	Entry deleted from font path.
[    35.043] 	(Run 'mkfontdir' on "/usr/share/fonts/TTF").
[    35.043] (WW) The directory "/usr/share/fonts/OTF" does not exist.
[    35.043] 	Entry deleted from font path.
[    35.043] (WW) The directory "/usr/share/fonts/Type1" does not exist.
[    35.043] 	Entry deleted from font path.
[    35.043] (WW) The directory "/usr/share/fonts/100dpi" does not exist.
[    35.043] 	Entry deleted from font path.
[    35.043] (WW) The directory "/usr/share/fonts/75dpi" does not exist.
[    35.043] 	Entry deleted from font path.
[    35.043] (==) FontPath set to:
	
[    35.043] (==) ModulePath set to "/usr/lib/xorg/modules"
[    35.043] (II) The server relies on udev to provide the list of input devices.
	If no devices become available, reconfigure udev or disable AutoAddDevices.
[    35.043] (II) Module ABI versions:
[    35.043] 	X.Org ANSI C Emulation: 0.4
[    35.043] 	X.Org Video Driver: 24.1
[    35.043] 	X.Org XInput driver : 24.1
[    35.043] 	X.Org Server Extension : 10.0
[    35.044] (++) using VT number 1

[    35.045] (II) systemd-logind: took control of session /org/freedesktop/login1/session/_31
[    35.045] (II) xfree86: Adding drm device (/dev/dri/card0)
[    35.046] (II) systemd-logind: got fd for /dev/dri/card0 226:0 fd 10 paused 0
[    35.048] (--) PCI:*(3@0:0:0) 1002:15d8:17aa:3805 rev 205, Mem @ 0xc0000000/268435456, 0xd0000000/2097152, 0xd0600000/524288, I/O @ 0x00001000/256
[    35.048] (WW) Open ACPI failed (/var/run/acpid.socket) (No such file or directory)
[    35.048] (II) LoadModule: "glx"
[    35.048] (II) Loading /usr/lib/xorg/modules/extensions/libglx.so
[    35.053] (II) Module glx: vendor="X.Org Foundation"
[    35.053] 	compiled for 1.20.13, module version = 1.0.0
[    35.053] 	ABI class: X.Org Server Extension, version 10.0
[    35.053] (==) Matched ati as autoconfigured driver 0
[    35.054] (==) Matched modesetting as autoconfigured driver 1
[    35.054] (==) Matched fbdev as autoconfigured driver 2
[    35.054] (==) Matched vesa as autoconfigured driver 3
[    35.054] (==) Assigned the driver to the xf86ConfigLayout
[    35.054] (II) LoadModule: "ati"
[    35.054] (WW) Warning, couldn't open module ati
[    35.054] (EE) Failed to load module "ati" (module does not exist, 0)
[    35.054] (II) LoadModule: "modesetting"
[    35.054] (II) Loading /usr/lib/xorg/modules/drivers/modesetting_drv.so
[    35.056] (II) Module modesetting: vendor="X.Org Foundation"
[    35.056] 	compiled for 1.20.13, module version = 1.20.13
[    35.056] 	Module class: X.Org Video Driver
[    35.056] 	ABI class: X.Org Video Driver, version 24.1
[    35.056] (II) LoadModule: "fbdev"
[    35.056] (WW) Warning, couldn't open module fbdev
[    35.056] (EE) Failed to load module "fbdev" (module does not exist, 0)
[    35.056] (II) LoadModule: "vesa"
[    35.057] (WW) Warning, couldn't open module vesa
[    35.057] (EE) Failed to load module "vesa" (module does not exist, 0)
[    35.057] (II) modesetting: Driver for Modesetting Kernel Drivers: kms
[    35.057] (II) modeset(0): using drv /dev/dri/card0
[    35.057] (WW) VGA arbiter: cannot open kernel arbiter, no multi-card support
[    35.057] (II) modeset(0): Creating default Display subsection in Screen section
	"Default Screen Section" for depth/fbbpp 24/32
[    35.057] (==) modeset(0): Depth 24, (==) framebuffer bpp 32
[    35.057] (==) modeset(0): RGB weight 888
[    35.057] (==) modeset(0): Default visual is TrueColor
[    35.057] (II) Loading sub module "glamoregl"
[    35.057] (II) LoadModule: "glamoregl"
[    35.057] (II) Loading /usr/lib/xorg/modules/libglamoregl.so
[    35.062] (II) Module glamoregl: vendor="X.Org Foundation"
[    35.063] 	compiled for 1.20.13, module version = 1.0.1
[    35.063] 	ABI class: X.Org ANSI C Emulation, version 0.4
[    35.247] (II) modeset(0): glamor X acceleration enabled on AMD RAVEN2 (DRM 3.41.0, 5.13.10-arch1-1, LLVM 12.0.1)
[    35.247] (II) modeset(0): glamor initialized
[    35.248] (II) modeset(0): Output eDP-1 has no monitor section
[    35.248] (II) modeset(0): Output HDMI-1 has no monitor section
[    35.249] (II) modeset(0): EDID for output eDP-1
[    35.249] (II) modeset(0): Manufacturer: CMN  Model: 14e5  Serial#: 0
[    35.249] (II) modeset(0): Year: 2018  Week: 4
[    35.249] (II) modeset(0): EDID Version: 1.4
[    35.249] (II) modeset(0): Digital Display Input
[    35.249] (II) modeset(0): 8 bits per channel
[    35.249] (II) modeset(0): Digital interface is DisplayPort
[    35.249] (II) modeset(0): Max Image Size [cm]: horiz.: 31  vert.: 17
[    35.249] (II) modeset(0): Gamma: 2.20
[    35.249] (II) modeset(0): No DPMS capabilities specified
[    35.249] (II) modeset(0): Supported color encodings: RGB 4:4:4 
[    35.249] (II) modeset(0): First detailed timing is preferred mode
[    35.249] (II) modeset(0): Preferred mode is native pixel format and refresh rate
[    35.249] (II) modeset(0): redX: 0.590 redY: 0.355   greenX: 0.330 greenY: 0.555
[    35.249] (II) modeset(0): blueX: 0.153 blueY: 0.119   whiteX: 0.313 whiteY: 0.329
[    35.249] (II) modeset(0): Manufacturer's mask: 0
[    35.249] (II) modeset(0): Supported detailed timing:
[    35.249] (II) modeset(0): clock: 152.8 MHz   Image Size:  309 x 173 mm
[    35.249] (II) modeset(0): h_active: 1920  h_sync: 2000  h_sync_end 2060 h_blank_end 2250 h_border: 0
[    35.249] (II) modeset(0): v_active: 1080  v_sync: 1086  v_sync_end 1094 v_blanking: 1132 v_border: 0
[    35.249] (II) modeset(0):  N140HGA-EA1
[    35.249] (II) modeset(0):  CMN
[    35.249] (II) modeset(0):  N140HGA-EA1
[    35.249] (II) modeset(0): EDID (in hex):
[    35.249] (II) modeset(0): 	00ffffffffffff000daee51400000000
[    35.249] (II) modeset(0): 	041c0104a51f1178020865975b548e27
[    35.249] (II) modeset(0): 	1e505400000001010101010101010101
[    35.249] (II) modeset(0): 	010101010101b43b804a71383440503c
[    35.249] (II) modeset(0): 	680035ad10000018000000fe004e3134
[    35.249] (II) modeset(0): 	304847412d4541310a20000000fe0043
[    35.249] (II) modeset(0): 	4d4e0a202020202020202020000000fe
[    35.249] (II) modeset(0): 	004e3134304847412d4541310a20004c
[    35.249] (II) modeset(0): Printing probed modes for output eDP-1
[    35.249] (II) modeset(0): Modeline "1920x1080"x60.0  152.84  1920 2000 2060 2250  1080 1086 1094 1132 -hsync -vsync (67.9 kHz eP)
[    35.249] (II) modeset(0): Modeline "1920x1080"x120.0  356.38  1920 2080 2288 2656  1080 1081 1084 1118 doublescan -hsync +vsync (134.2 kHz d)
[    35.249] (II) modeset(0): Modeline "1920x1080"x119.9  266.50  1920 1944 1960 2000  1080 1081 1084 1111 doublescan +hsync -vsync (133.2 kHz d)
[    35.249] (II) modeset(0): Modeline "1920x1080"x60.0  173.00  1920 2048 2248 2576  1080 1083 1088 1120 -hsync +vsync (67.2 kHz d)
[    35.249] (II) modeset(0): Modeline "1920x1080"x59.9  138.50  1920 1968 2000 2080  1080 1083 1088 1111 +hsync -vsync (66.6 kHz d)
[    35.249] (II) modeset(0): Modeline "1680x1050"x60.0  152.84  1680 2000 2060 2250  1050 1086 1094 1132 -hsync -vsync (67.9 kHz e)
[    35.249] (II) modeset(0): Modeline "1680x1050"x60.0  146.25  1680 1784 1960 2240  1050 1053 1059 1089 -hsync +vsync (65.3 kHz d)
[    35.249] (II) modeset(0): Modeline "1680x1050"x59.9  119.00  1680 1728 1760 1840  1050 1053 1059 1080 +hsync -vsync (64.7 kHz d)
[    35.249] (II) modeset(0): Modeline "1400x1050"x60.0  122.00  1400 1488 1640 1880  1050 1052 1064 1082 +hsync +vsync (64.9 kHz d)
[    35.249] (II) modeset(0): Modeline "1600x900"x120.0  246.00  1600 1728 1900 2200  900 901 904 932 doublescan -hsync +vsync (111.8 kHz d)
[    35.249] (II) modeset(0): Modeline "1600x900"x119.9  186.50  1600 1624 1640 1680  900 901 904 926 doublescan +hsync -vsync (111.0 kHz d)
[    35.249] (II) modeset(0): Modeline "1600x900"x59.9  118.25  1600 1696 1856 2112  900 903 908 934 -hsync +vsync (56.0 kHz d)
[    35.249] (II) modeset(0): Modeline "1600x900"x59.8   97.50  1600 1648 1680 1760  900 903 908 926 +hsync -vsync (55.4 kHz d)
[    35.249] (II) modeset(0): Modeline "1280x1024"x60.0  152.84  1280 2000 2060 2250  1024 1086 1094 1132 -hsync -vsync (67.9 kHz e)
[    35.249] (II) modeset(0): Modeline "1280x1024"x60.0  108.00  1280 1328 1440 1688  1024 1025 1028 1066 +hsync +vsync (64.0 kHz d)
[    35.249] (II) modeset(0): Modeline "1440x900"x60.0  152.84  1440 2000 2060 2250  900 1086 1094 1132 -hsync -vsync (67.9 kHz e)
[    35.249] (II) modeset(0): Modeline "1400x900"x60.0  103.50  1400 1480 1624 1848  900 903 913 934 -hsync +vsync (56.0 kHz d)
[    35.249] (II) modeset(0): Modeline "1400x900"x59.9   86.50  1400 1448 1480 1560  900 903 913 926 +hsync -vsync (55.4 kHz d)
[    35.249] (II) modeset(0): Modeline "1280x960"x60.0  108.00  1280 1376 1488 1800  960 961 964 1000 +hsync +vsync (60.0 kHz d)
[    35.249] (II) modeset(0): Modeline "1440x810"x120.0  198.12  1440 1548 1704 1968  810 811 814 839 doublescan -hsync +vsync (100.7 kHz d)
[    35.249] (II) modeset(0): Modeline "1440x810"x119.9  151.88  1440 1464 1480 1520  810 811 814 833 doublescan +hsync -vsync (99.9 kHz d)
[    35.249] (II) modeset(0): Modeline "1368x768"x59.9   85.25  1368 1440 1576 1784  768 771 781 798 -hsync +vsync (47.8 kHz d)
[    35.249] (II) modeset(0): Modeline "1368x768"x59.9   72.25  1368 1416 1448 1528  768 771 781 790 +hsync -vsync (47.3 kHz d)
[    35.249] (II) modeset(0): Modeline "1280x800"x120.0  174.25  1280 1380 1516 1752  800 801 804 829 doublescan -hsync +vsync (99.5 kHz d)
[    35.249] (II) modeset(0): Modeline "1280x800"x60.0  152.84  1280 2000 2060 2250  800 1086 1094 1132 -hsync -vsync (67.9 kHz e)
[    35.249] (II) modeset(0): Modeline "1280x800"x119.9  134.25  1280 1304 1320 1360  800 801 804 823 doublescan +hsync -vsync (98.7 kHz d)
[    35.249] (II) modeset(0): Modeline "1280x800"x59.8   83.50  1280 1352 1480 1680  800 803 809 831 -hsync +vsync (49.7 kHz d)
[    35.249] (II) modeset(0): Modeline "1280x800"x59.9   71.00  1280 1328 1360 1440  800 803 809 823 +hsync -vsync (49.3 kHz d)
[    35.249] (II) modeset(0): Modeline "1280x720"x120.0  156.12  1280 1376 1512 1744  720 721 724 746 doublescan -hsync +vsync (89.5 kHz d)
[    35.249] (II) modeset(0): Modeline "1280x720"x60.0  152.84  1280 2000 2060 2250  720 1086 1094 1132 -hsync -vsync (67.9 kHz e)
[    35.249] (II) modeset(0): Modeline "1280x720"x120.0  120.75  1280 1304 1320 1360  720 721 724 740 doublescan +hsync -vsync (88.8 kHz d)
[    35.249] (II) modeset(0): Modeline "1280x720"x59.9   74.50  1280 1344 1472 1664  720 723 728 748 -hsync +vsync (44.8 kHz d)
[    35.249] (II) modeset(0): Modeline "1280x720"x59.7   63.75  1280 1328 1360 1440  720 723 728 741 +hsync -vsync (44.3 kHz d)
[    35.249] (II) modeset(0): Modeline "1024x768"x60.0  152.84  1024 2000 2060 2250  768 1086 1094 1132 -hsync -vsync (67.9 kHz e)
[    35.249] (II) modeset(0): Modeline "1024x768"x120.1  133.47  1024 1100 1212 1400  768 768 770 794 doublescan -hsync +vsync (95.3 kHz d)
[    35.249] (II) modeset(0): Modeline "1024x768"x60.0   65.00  1024 1048 1184 1344  768 771 777 806 -hsync -vsync (48.4 kHz d)
[    35.249] (II) modeset(0): Modeline "960x720"x120.0  117.00  960 1024 1128 1300  720 720 722 750 doublescan -hsync +vsync (90.0 kHz d)
[    35.249] (II) modeset(0): Modeline "928x696"x120.1  109.15  928 976 1088 1264  696 696 698 719 doublescan -hsync +vsync (86.4 kHz d)
[    35.249] (II) modeset(0): Modeline "896x672"x120.0  102.40  896 960 1060 1224  672 672 674 697 doublescan -hsync +vsync (83.7 kHz d)
[    35.250] (II) modeset(0): Modeline "1024x576"x119.9   98.50  1024 1092 1200 1376  576 577 580 597 doublescan -hsync +vsync (71.6 kHz d)
[    35.250] (II) modeset(0): Modeline "1024x576"x119.9   78.38  1024 1048 1064 1104  576 577 580 592 doublescan +hsync -vsync (71.0 kHz d)
[    35.250] (II) modeset(0): Modeline "1024x576"x59.9   46.50  1024 1064 1160 1296  576 579 584 599 -hsync +vsync (35.9 kHz d)
[    35.250] (II) modeset(0): Modeline "1024x576"x59.8   42.00  1024 1072 1104 1184  576 579 584 593 +hsync -vsync (35.5 kHz d)
[    35.250] (II) modeset(0): Modeline "960x600"x119.9   96.62  960 1028 1128 1296  600 601 604 622 doublescan -hsync +vsync (74.6 kHz d)
[    35.250] (II) modeset(0): Modeline "960x600"x120.0   77.00  960 984 1000 1040  600 601 604 617 doublescan +hsync -vsync (74.0 kHz d)
[    35.250] (II) modeset(0): Modeline "960x540"x119.9   86.50  960 1024 1124 1288  540 541 544 560 doublescan -hsync +vsync (67.2 kHz d)
[    35.250] (II) modeset(0): Modeline "960x540"x120.0   69.25  960 984 1000 1040  540 541 544 555 doublescan +hsync -vsync (66.6 kHz d)
[    35.250] (II) modeset(0): Modeline "960x540"x59.6   40.75  960 992 1088 1216  540 543 548 562 -hsync +vsync (33.5 kHz d)
[    35.250] (II) modeset(0): Modeline "960x540"x59.8   37.25  960 1008 1040 1120  540 543 548 556 +hsync -vsync (33.3 kHz d)
[    35.250] (II) modeset(0): Modeline "800x600"x60.0  152.84  800 2000 2060 2250  600 1086 1094 1132 -hsync -vsync (67.9 kHz e)
[    35.250] (II) modeset(0): Modeline "800x600"x120.0   81.00  800 832 928 1080  600 600 602 625 doublescan +hsync +vsync (75.0 kHz d)
[    35.250] (II) modeset(0): Modeline "800x600"x60.3   40.00  800 840 968 1056  600 601 605 628 +hsync +vsync (37.9 kHz d)
[    35.250] (II) modeset(0): Modeline "800x600"x56.2   36.00  800 824 896 1024  600 601 603 625 +hsync +vsync (35.2 kHz d)
[    35.250] (II) modeset(0): Modeline "840x525"x120.0   73.12  840 892 980 1120  525 526 529 544 doublescan -hsync +vsync (65.3 kHz d)
[    35.250] (II) modeset(0): Modeline "840x525"x119.8   59.50  840 864 880 920  525 526 529 540 doublescan +hsync -vsync (64.7 kHz d)
[    35.250] (II) modeset(0): Modeline "864x486"x59.9   32.50  864 888 968 1072  486 489 494 506 -hsync +vsync (30.3 kHz d)
[    35.250] (II) modeset(0): Modeline "864x486"x59.6   30.50  864 912 944 1024  486 489 494 500 +hsync -vsync (29.8 kHz d)
[    35.250] (II) modeset(0): Modeline "700x525"x120.0   61.00  700 744 820 940  525 526 532 541 doublescan +hsync +vsync (64.9 kHz d)
[    35.250] (II) modeset(0): Modeline "800x450"x119.9   59.12  800 848 928 1056  450 451 454 467 doublescan -hsync +vsync (56.0 kHz d)
[    35.250] (II) modeset(0): Modeline "800x450"x119.6   48.75  800 824 840 880  450 451 454 463 doublescan +hsync -vsync (55.4 kHz d)
[    35.250] (II) modeset(0): Modeline "640x512"x120.0   54.00  640 664 720 844  512 512 514 533 doublescan +hsync +vsync (64.0 kHz d)
[    35.250] (II) modeset(0): Modeline "700x450"x119.9   51.75  700 740 812 924  450 451 456 467 doublescan -hsync +vsync (56.0 kHz d)
[    35.250] (II) modeset(0): Modeline "700x450"x119.8   43.25  700 724 740 780  450 451 456 463 doublescan +hsync -vsync (55.4 kHz d)
[    35.250] (II) modeset(0): Modeline "640x480"x60.0  152.84  640 2000 2060 2250  480 1086 1094 1132 -hsync -vsync (67.9 kHz e)
[    35.250] (II) modeset(0): Modeline "640x480"x120.0   54.00  640 688 744 900  480 480 482 500 doublescan +hsync +vsync (60.0 kHz d)
[    35.250] (II) modeset(0): Modeline "640x480"x59.9   25.18  640 656 752 800  480 490 492 525 -hsync -vsync (31.5 kHz d)
[    35.250] (II) modeset(0): Modeline "720x405"x59.5   22.50  720 744 808 896  405 408 413 422 -hsync +vsync (25.1 kHz d)
[    35.250] (II) modeset(0): Modeline "720x405"x59.0   21.75  720 768 800 880  405 408 413 419 +hsync -vsync (24.7 kHz d)
[    35.250] (II) modeset(0): Modeline "684x384"x119.8   42.62  684 720 788 892  384 385 390 399 doublescan -hsync +vsync (47.8 kHz d)
[    35.250] (II) modeset(0): Modeline "684x384"x119.7   36.12  684 708 724 764  384 385 390 395 doublescan +hsync -vsync (47.3 kHz d)
[    35.250] (II) modeset(0): Modeline "640x400"x119.8   41.75  640 676 740 840  400 401 404 415 doublescan -hsync +vsync (49.7 kHz d)
[    35.250] (II) modeset(0): Modeline "640x400"x120.0   35.50  640 664 680 720  400 401 404 411 doublescan +hsync -vsync (49.3 kHz d)
[    35.250] (II) modeset(0): Modeline "640x360"x119.7   37.25  640 672 736 832  360 361 364 374 doublescan -hsync +vsync (44.8 kHz d)
[    35.250] (II) modeset(0): Modeline "640x360"x119.7   31.88  640 664 680 720  360 361 364 370 doublescan +hsync -vsync (44.3 kHz d)
[    35.250] (II) modeset(0): Modeline "640x360"x59.8   18.00  640 664 720 800  360 363 368 376 -hsync +vsync (22.5 kHz d)
[    35.250] (II) modeset(0): Modeline "640x360"x59.3   17.75  640 688 720 800  360 363 368 374 +hsync -vsync (22.2 kHz d)
[    35.250] (II) modeset(0): Modeline "512x384"x120.0   32.50  512 524 592 672  384 385 388 403 doublescan -hsync -vsync (48.4 kHz d)
[    35.250] (II) modeset(0): Modeline "512x288"x120.0   23.25  512 532 580 648  288 289 292 299 doublescan -hsync +vsync (35.9 kHz d)
[    35.250] (II) modeset(0): Modeline "512x288"x119.8   21.00  512 536 552 592  288 289 292 296 doublescan +hsync -vsync (35.5 kHz d)
[    35.250] (II) modeset(0): Modeline "480x270"x119.3   20.38  480 496 544 608  270 271 274 281 doublescan -hsync +vsync (33.5 kHz d)
[    35.250] (II) modeset(0): Modeline "480x270"x119.6   18.62  480 504 520 560  270 271 274 278 doublescan +hsync -vsync (33.3 kHz d)
[    35.250] (II) modeset(0): Modeline "400x300"x120.6   20.00  400 420 484 528  300 300 302 314 doublescan +hsync +vsync (37.9 kHz d)
[    35.250] (II) modeset(0): Modeline "400x300"x112.7   18.00  400 412 448 512  300 300 301 312 doublescan +hsync +vsync (35.2 kHz d)
[    35.250] (II) modeset(0): Modeline "432x243"x119.8   16.25  432 444 484 536  243 244 247 253 doublescan -hsync +vsync (30.3 kHz d)
[    35.250] (II) modeset(0): Modeline "432x243"x119.1   15.25  432 456 472 512  243 244 247 250 doublescan +hsync -vsync (29.8 kHz d)
[    35.250] (II) modeset(0): Modeline "320x240"x120.1   12.59  320 328 376 400  240 245 246 262 doublescan -hsync -vsync (31.5 kHz d)
[    35.250] (II) modeset(0): Modeline "360x202"x119.0   11.25  360 372 404 448  202 204 206 211 doublescan -hsync +vsync (25.1 kHz d)
[    35.250] (II) modeset(0): Modeline "360x202"x118.3   10.88  360 384 400 440  202 204 206 209 doublescan +hsync -vsync (24.7 kHz d)
[    35.250] (II) modeset(0): Modeline "320x180"x119.7    9.00  320 332 360 400  180 181 184 188 doublescan -hsync +vsync (22.5 kHz d)
[    35.250] (II) modeset(0): Modeline "320x180"x118.6    8.88  320 344 360 400  180 181 184 187 doublescan +hsync -vsync (22.2 kHz d)
[    35.250] (II) modeset(0): EDID for output HDMI-1
[    35.250] (II) modeset(0): Output eDP-1 connected
[    35.250] (II) modeset(0): Output HDMI-1 disconnected
[    35.250] (II) modeset(0): Using exact sizes for initial modes
[    35.250] (II) modeset(0): Output eDP-1 using initial mode 1920x1080 +0+0
[    35.250] (==) modeset(0): Using gamma correction (1.0, 1.0, 1.0)
[    35.250] (==) modeset(0): DPI set to (96, 96)
[    35.250] (II) Loading sub module "fb"
[    35.250] (II) LoadModule: "fb"
[    35.250] (II) Loading /usr/lib/xorg/modules/libfb.so
[    35.251] (II) Module fb: vendor="X.Org Foundation"
[    35.251] 	compiled for 1.20.13, module version = 1.0.0
[    35.251] 	ABI class: X.Org ANSI C Emulation, version 0.4
[    35.279] (==) modeset(0): Backing store enabled
[    35.279] (==) modeset(0): Silken mouse disabled
[    35.280] (II) modeset(0): Initializing kms color map for depth 24, 8 bpc.
[    35.280] (==) modeset(0): DPMS enabled
[    35.280] (II) modeset(0): [DRI2] Setup complete
[    35.280] (II) modeset(0): [DRI2]   DRI driver: radeonsi
[    35.280] (II) modeset(0): [DRI2]   VDPAU driver: radeonsi
[    35.280] (II) Initializing extension Generic Event Extension
[    35.280] (II) Initializing extension SHAPE
[    35.280] (II) Initializing extension MIT-SHM
[    35.280] (II) Initializing extension XInputExtension
[    35.280] (II) Initializing extension XTEST
[    35.280] (II) Initializing extension BIG-REQUESTS
[    35.280] (II) Initializing extension SYNC
[    35.280] (II) Initializing extension XKEYBOARD
[    35.280] (II) Initializing extension XC-MISC
[    35.280] (II) Initializing extension SECURITY
[    35.280] (II) Initializing extension XFIXES
[    35.280] (II) Initializing extension RENDER
[    35.280] (II) Initializing extension RANDR
[    35.280] (II) Initializing extension COMPOSITE
[    35.280] (II) Initializing extension DAMAGE
[    35.280] (II) Initializing extension MIT-SCREEN-SAVER
[    35.280] (II) Initializing extension DOUBLE-BUFFER
[    35.280] (II) Initializing extension RECORD
[    35.280] (II) Initializing extension DPMS
[    35.280] (II) Initializing extension Present
[    35.280] (II) Initializing extension DRI3
[    35.280] (II) Initializing extension X-Resource
[    35.280] (II) Initializing extension XVideo
[    35.280] (II) Initializing extension XVideo-MotionCompensation
[    35.280] (II) Initializing extension GLX
[    35.286] (II) AIGLX: Loaded and initialized radeonsi
[    35.286] (II) GLX: Initialized DRI2 GL provider for screen 0
[    35.286] (II) Initializing extension XFree86-VidModeExtension
[    35.286] (II) Initializing extension XFree86-DGA
[    35.286] (II) Initializing extension XFree86-DRI
[    35.286] (II) Initializing extension DRI2
[    35.286] (II) modeset(0): Damage tracking initialized
[    35.286] (II) modeset(0): Setting screen physical size to 508 x 285
[    35.335] (II) config/udev: Adding input device Power Button (/dev/input/event2)
[    35.335] (**) Power Button: Applying InputClass "libinput keyboard catchall"
[    35.335] (**) Power Button: Applying InputClass "libinput keyboard catchall"
[    35.335] (II) LoadModule: "libinput"
[    35.335] (II) Loading /usr/lib/xorg/modules/input/libinput_drv.so
[    35.338] (II) Module libinput: vendor="X.Org Foundation"
[    35.338] 	compiled for 1.20.11, module version = 1.1.0
[    35.338] 	Module class: X.Org XInput Driver
[    35.338] 	ABI class: X.Org XInput driver, version 24.1
[    35.338] (II) Using input driver 'libinput' for 'Power Button'
[    35.339] (II) systemd-logind: got fd for /dev/input/event2 13:66 fd 18 paused 0
[    35.339] (**) Power Button: always reports core events
[    35.339] (**) Option "Device" "/dev/input/event2"
[    35.339] (**) Option "_source" "server/udev"
[    35.343] (II) event2  - Power Button: is tagged by udev as: Keyboard
[    35.343] (II) event2  - Power Button: device is a keyboard
[    35.343] (II) event2  - Power Button: device removed
[    35.343] (**) Option "config_info" "udev:/sys/devices/LNXSYSTM:00/LNXPWRBN:00/input/input2/event2"
[    35.343] (II) XINPUT: Adding extended input device "Power Button" (type: KEYBOARD, id 6)
[    35.344] (II) event2  - Power Button: is tagged by udev as: Keyboard
[    35.344] (II) event2  - Power Button: device is a keyboard
[    35.345] (II) config/udev: Adding input device Video Bus (/dev/input/event4)
[    35.345] (**) Video Bus: Applying InputClass "libinput keyboard catchall"
[    35.345] (**) Video Bus: Applying InputClass "libinput keyboard catchall"
[    35.345] (II) Using input driver 'libinput' for 'Video Bus'
[    35.345] (II) systemd-logind: got fd for /dev/input/event4 13:68 fd 21 paused 0
[    35.345] (**) Video Bus: always reports core events
[    35.345] (**) Option "Device" "/dev/input/event4"
[    35.345] (**) Option "_source" "server/udev"
[    35.346] (II) event4  - Video Bus: is tagged by udev as: Keyboard
[    35.346] (II) event4  - Video Bus: device is a keyboard
[    35.346] (II) event4  - Video Bus: device removed
[    35.346] (**) Option "config_info" "udev:/sys/devices/LNXSYSTM:00/LNXSYBUS:00/PNP0A08:00/device:07/LNXVIDEO:00/input/input4/event4"
[    35.346] (II) XINPUT: Adding extended input device "Video Bus" (type: KEYBOARD, id 7)
[    35.347] (II) event4  - Video Bus: is tagged by udev as: Keyboard
[    35.347] (II) event4  - Video Bus: device is a keyboard
[    35.348] (II) config/udev: Adding input device Power Button (/dev/input/event1)
[    35.348] (**) Power Button: Applying InputClass "libinput keyboard catchall"
[    35.348] (**) Power Button: Applying InputClass "libinput keyboard catchall"
[    35.348] (II) Using input driver 'libinput' for 'Power Button'
[    35.348] (II) systemd-logind: got fd for /dev/input/event1 13:65 fd 22 paused 0
[    35.348] (**) Power Button: always reports core events
[    35.348] (**) Option "Device" "/dev/input/event1"
[    35.348] (**) Option "_source" "server/udev"
[    35.349] (II) event1  - Power Button: is tagged by udev as: Keyboard
[    35.349] (II) event1  - Power Button: device is a keyboard
[    35.349] (II) event1  - Power Button: device removed
[    35.349] (**) Option "config_info" "udev:/sys/devices/LNXSYSTM:00/LNXSYBUS:00/PNP0C0C:00/input/input1/event1"
[    35.349] (II) XINPUT: Adding extended input device "Power Button" (type: KEYBOARD, id 8)
[    35.350] (II) event1  - Power Button: is tagged by udev as: Keyboard
[    35.350] (II) event1  - Power Button: device is a keyboard
[    35.350] (II) config/udev: Adding input device Lid Switch (/dev/input/event0)
[    35.350] (II) No input driver specified, ignoring this device.
[    35.350] (II) This device may have been added with another device file.
[    35.351] (II) config/udev: Adding input device HD-Audio Generic HDMI/DP,pcm=3 (/dev/input/event12)
[    35.351] (II) No input driver specified, ignoring this device.
[    35.351] (II) This device may have been added with another device file.
[    35.351] (II) config/udev: Adding input device Logitech Wireless Mouse (/dev/input/event9)
[    35.351] (**) Logitech Wireless Mouse: Applying InputClass "libinput pointer catchall"
[    35.351] (**) Logitech Wireless Mouse: Applying InputClass "libinput pointer catchall"
[    35.351] (II) Using input driver 'libinput' for 'Logitech Wireless Mouse'
[    35.352] (II) systemd-logind: got fd for /dev/input/event9 13:73 fd 23 paused 0
[    35.352] (**) Logitech Wireless Mouse: always reports core events
[    35.352] (**) Option "Device" "/dev/input/event9"
[    35.352] (**) Option "_source" "server/udev"
[    35.353] (II) event9  - Logitech Wireless Mouse: is tagged by udev as: Mouse
[    35.353] (II) event9  - Logitech Wireless Mouse: device is a pointer
[    35.354] (II) event9  - Logitech Wireless Mouse: device removed
[    35.354] (**) Option "config_info" "udev:/sys/devices/pci0000:00/0000:00:08.1/0000:03:00.3/usb1/1-2/1-2:1.1/0003:046D:C534.0003/0003:046D:4054.0004/input/input26/event9"
[    35.354] (II) XINPUT: Adding extended input device "Logitech Wireless Mouse" (type: MOUSE, id 9)
[    35.354] (**) Option "AccelerationScheme" "none"
[    35.354] (**) Logitech Wireless Mouse: (accel) selected scheme none/0
[    35.354] (**) Logitech Wireless Mouse: (accel) acceleration factor: 2.000
[    35.354] (**) Logitech Wireless Mouse: (accel) acceleration threshold: 4
[    35.355] (II) event9  - Logitech Wireless Mouse: is tagged by udev as: Mouse
[    35.355] (II) event9  - Logitech Wireless Mouse: device is a pointer
[    35.356] (II) config/udev: Adding input device Logitech Wireless Mouse (/dev/input/mouse0)
[    35.356] (II) No input driver specified, ignoring this device.
[    35.356] (II) This device may have been added with another device file.
[    35.357] (II) config/udev: Adding input device Integrated Camera: Integrated C (/dev/input/event7)
[    35.357] (**) Integrated Camera: Integrated C: Applying InputClass "libinput keyboard catchall"
[    35.357] (**) Integrated Camera: Integrated C: Applying InputClass "libinput keyboard catchall"
[    35.357] (II) Using input driver 'libinput' for 'Integrated Camera: Integrated C'
[    35.357] (II) systemd-logind: got fd for /dev/input/event7 13:71 fd 24 paused 0
[    35.357] (**) Integrated Camera: Integrated C: always reports core events
[    35.357] (**) Option "Device" "/dev/input/event7"
[    35.357] (**) Option "_source" "server/udev"
[    35.358] (II) event7  - Integrated Camera: Integrated C: is tagged by udev as: Keyboard
[    35.358] (II) event7  - Integrated Camera: Integrated C: device is a keyboard
[    35.358] (II) event7  - Integrated Camera: Integrated C: device removed
[    35.359] (**) Option "config_info" "udev:/sys/devices/pci0000:00/0000:00:08.1/0000:03:00.3/usb1/1-5/1-5.1/1-5.1:1.0/input/input21/event7"
[    35.359] (II) XINPUT: Adding extended input device "Integrated Camera: Integrated C" (type: KEYBOARD, id 10)
[    35.360] (II) event7  - Integrated Camera: Integrated C: is tagged by udev as: Keyboard
[    35.360] (II) event7  - Integrated Camera: Integrated C: device is a keyboard
[    35.360] (II) config/udev: Adding input device HD-Audio Generic Mic (/dev/input/event5)
[    35.360] (II) No input driver specified, ignoring this device.
[    35.360] (II) This device may have been added with another device file.
[    35.360] (II) config/udev: Adding input device HD-Audio Generic Headphone (/dev/input/event13)
[    35.361] (II) No input driver specified, ignoring this device.
[    35.361] (II) This device may have been added with another device file.
[    35.361] (II) config/udev: Adding input device Ideapad extra buttons (/dev/input/event8)
[    35.361] (**) Ideapad extra buttons: Applying InputClass "libinput keyboard catchall"
[    35.361] (**) Ideapad extra buttons: Applying InputClass "libinput keyboard catchall"
[    35.361] (II) Using input driver 'libinput' for 'Ideapad extra buttons'
[    35.361] (II) systemd-logind: got fd for /dev/input/event8 13:72 fd 25 paused 0
[    35.361] (**) Ideapad extra buttons: always reports core events
[    35.361] (**) Option "Device" "/dev/input/event8"
[    35.361] (**) Option "_source" "server/udev"
[    35.362] (II) event8  - Ideapad extra buttons: is tagged by udev as: Keyboard
[    35.362] (II) event8  - Ideapad extra buttons: device is a keyboard
[    35.362] (II) event8  - Ideapad extra buttons: device removed
[    35.362] (**) Option "config_info" "udev:/sys/devices/pci0000:00/0000:00:14.3/PNP0C09:00/VPC2004:00/input/input9/event8"
[    35.362] (II) XINPUT: Adding extended input device "Ideapad extra buttons" (type: KEYBOARD, id 11)
[    35.363] (II) event8  - Ideapad extra buttons: is tagged by udev as: Keyboard
[    35.363] (II) event8  - Ideapad extra buttons: device is a keyboard
[    35.364] (II) config/udev: Adding input device MSFT0001:00 06CB:CE2D Mouse (/dev/input/event6)
[    35.364] (**) MSFT0001:00 06CB:CE2D Mouse: Applying InputClass "libinput pointer catchall"
[    35.364] (**) MSFT0001:00 06CB:CE2D Mouse: Applying InputClass "libinput pointer catchall"
[    35.364] (II) Using input driver 'libinput' for 'MSFT0001:00 06CB:CE2D Mouse'
[    35.365] (II) systemd-logind: got fd for /dev/input/event6 13:70 fd 26 paused 0
[    35.365] (**) MSFT0001:00 06CB:CE2D Mouse: always reports core events
[    35.365] (**) Option "Device" "/dev/input/event6"
[    35.365] (**) Option "_source" "server/udev"
[    35.365] (II) event6  - MSFT0001:00 06CB:CE2D Mouse: is tagged by udev as: Mouse Pointingstick
[    35.366] (II) event6  - MSFT0001:00 06CB:CE2D Mouse: device is a pointer
[    35.366] (II) event6  - MSFT0001:00 06CB:CE2D Mouse: device removed
[    35.366] (**) Option "config_info" "udev:/sys/devices/platform/AMDI0010:00/i2c-0/i2c-MSFT0001:00/0018:06CB:CE2D.0001/input/input18/event6"
[    35.366] (II) XINPUT: Adding extended input device "MSFT0001:00 06CB:CE2D Mouse" (type: MOUSE, id 12)
[    35.367] (**) Option "AccelerationScheme" "none"
[    35.367] (**) MSFT0001:00 06CB:CE2D Mouse: (accel) selected scheme none/0
[    35.367] (**) MSFT0001:00 06CB:CE2D Mouse: (accel) acceleration factor: 2.000
[    35.367] (**) MSFT0001:00 06CB:CE2D Mouse: (accel) acceleration threshold: 4
[    35.367] (II) event6  - MSFT0001:00 06CB:CE2D Mouse: is tagged by udev as: Mouse Pointingstick
[    35.368] (II) event6  - MSFT0001:00 06CB:CE2D Mouse: device is a pointer
[    35.369] (II) config/udev: Adding input device MSFT0001:00 06CB:CE2D Mouse (/dev/input/mouse1)
[    35.369] (II) No input driver specified, ignoring this device.
[    35.369] (II) This device may have been added with another device file.
[    35.369] (II) config/udev: Adding input device MSFT0001:00 06CB:CE2D Touchpad (/dev/input/event14)
[    35.369] (**) MSFT0001:00 06CB:CE2D Touchpad: Applying InputClass "libinput touchpad catchall"
[    35.369] (**) MSFT0001:00 06CB:CE2D Touchpad: Applying InputClass "libinput touchpad catchall"
[    35.369] (II) Using input driver 'libinput' for 'MSFT0001:00 06CB:CE2D Touchpad'
[    35.370] (II) systemd-logind: got fd for /dev/input/event14 13:78 fd 27 paused 0
[    35.370] (**) MSFT0001:00 06CB:CE2D Touchpad: always reports core events
[    35.370] (**) Option "Device" "/dev/input/event14"
[    35.370] (**) Option "_source" "server/udev"
[    35.370] (II) event14 - MSFT0001:00 06CB:CE2D Touchpad: is tagged by udev as: Touchpad
[    35.372] (II) event14 - MSFT0001:00 06CB:CE2D Touchpad: device is a touchpad
[    35.372] (II) event14 - MSFT0001:00 06CB:CE2D Touchpad: device removed
[    35.372] (**) Option "Tapping" "on"
[    35.372] (**) Option "config_info" "udev:/sys/devices/platform/AMDI0010:00/i2c-0/i2c-MSFT0001:00/0018:06CB:CE2D.0001/input/input19/event14"
[    35.372] (II) XINPUT: Adding extended input device "MSFT0001:00 06CB:CE2D Touchpad" (type: TOUCHPAD, id 13)
[    35.373] (**) Option "AccelerationScheme" "none"
[    35.373] (**) MSFT0001:00 06CB:CE2D Touchpad: (accel) selected scheme none/0
[    35.373] (**) MSFT0001:00 06CB:CE2D Touchpad: (accel) acceleration factor: 2.000
[    35.373] (**) MSFT0001:00 06CB:CE2D Touchpad: (accel) acceleration threshold: 4
[    35.374] (II) event14 - MSFT0001:00 06CB:CE2D Touchpad: is tagged by udev as: Touchpad
[    35.375] (II) event14 - MSFT0001:00 06CB:CE2D Touchpad: device is a touchpad
[    35.376] (II) config/udev: Adding input device MSFT0001:00 06CB:CE2D Touchpad (/dev/input/mouse2)
[    35.376] (II) No input driver specified, ignoring this device.
[    35.376] (II) This device may have been added with another device file.
[    35.377] (II) config/udev: Adding input device AT Translated Set 2 keyboard (/dev/input/event3)
[    35.377] (**) AT Translated Set 2 keyboard: Applying InputClass "libinput keyboard catchall"
[    35.377] (**) AT Translated Set 2 keyboard: Applying InputClass "libinput keyboard catchall"
[    35.377] (II) Using input driver 'libinput' for 'AT Translated Set 2 keyboard'
[    35.377] (II) systemd-logind: got fd for /dev/input/event3 13:67 fd 28 paused 0
[    35.377] (**) AT Translated Set 2 keyboard: always reports core events
[    35.377] (**) Option "Device" "/dev/input/event3"
[    35.377] (**) Option "_source" "server/udev"
[    35.378] (II) event3  - AT Translated Set 2 keyboard: is tagged by udev as: Keyboard
[    35.378] (II) event3  - AT Translated Set 2 keyboard: device is a keyboard
[    35.380] (II) event3  - AT Translated Set 2 keyboard: device removed
[    35.380] (**) Option "config_info" "udev:/sys/devices/platform/i8042/serio0/input/input3/event3"
[    35.380] (II) XINPUT: Adding extended input device "AT Translated Set 2 keyboard" (type: KEYBOARD, id 14)
[    35.382] (II) event3  - AT Translated Set 2 keyboard: is tagged by udev as: Keyboard
[    35.382] (II) event3  - AT Translated Set 2 keyboard: device is a keyboard
[    35.667] (II) modeset(0): Disabling kernel dirty updates, not required.
[   630.755] (II) config/udev: Adding input device SONiX ROYUAN Gaming Keyboard Mouse (/dev/input/mouse3)
[   630.755] (II) No input driver specified, ignoring this device.
[   630.755] (II) This device may have been added with another device file.
[   630.774] (II) config/udev: Adding input device SONiX ROYUAN Gaming Keyboard System Control (/dev/input/event15)
[   630.774] (**) SONiX ROYUAN Gaming Keyboard System Control: Applying InputClass "libinput keyboard catchall"
[   630.774] (**) SONiX ROYUAN Gaming Keyboard System Control: Applying InputClass "libinput keyboard catchall"
[   630.774] (II) Using input driver 'libinput' for 'SONiX ROYUAN Gaming Keyboard System Control'
[   630.776] (II) systemd-logind: got fd for /dev/input/event15 13:79 fd 47 paused 0
[   630.776] (**) SONiX ROYUAN Gaming Keyboard System Control: always reports core events
[   630.776] (**) Option "Device" "/dev/input/event15"
[   630.776] (**) Option "_source" "server/udev"
[   630.777] (II) event15 - SONiX ROYUAN Gaming Keyboard System Control: is tagged by udev as: Keyboard
[   630.777] (II) event15 - SONiX ROYUAN Gaming Keyboard System Control: device is a keyboard
[   630.777] (II) event15 - SONiX ROYUAN Gaming Keyboard System Control: device removed
[   630.777] (**) Option "config_info" "udev:/sys/devices/pci0000:00/0000:00:08.1/0000:03:00.3/usb1/1-4/1-4:1.1/0003:0C45:7044.0006/input/input29/event15"
[   630.777] (II) XINPUT: Adding extended input device "SONiX ROYUAN Gaming Keyboard System Control" (type: KEYBOARD, id 15)
[   630.779] (II) event15 - SONiX ROYUAN Gaming Keyboard System Control: is tagged by udev as: Keyboard
[   630.779] (II) event15 - SONiX ROYUAN Gaming Keyboard System Control: device is a keyboard
[   630.780] (II) config/udev: Adding input device SONiX ROYUAN Gaming Keyboard (/dev/input/event17)
[   630.780] (II) No input driver specified, ignoring this device.
[   630.780] (II) This device may have been added with another device file.
[   630.781] (II) config/udev: Adding input device SONiX ROYUAN Gaming Keyboard Mouse (/dev/input/event11)
[   630.781] (**) SONiX ROYUAN Gaming Keyboard Mouse: Applying InputClass "libinput pointer catchall"
[   630.781] (**) SONiX ROYUAN Gaming Keyboard Mouse: Applying InputClass "libinput pointer catchall"
[   630.781] (II) Using input driver 'libinput' for 'SONiX ROYUAN Gaming Keyboard Mouse'
[   630.782] (II) systemd-logind: got fd for /dev/input/event11 13:75 fd 48 paused 0
[   630.782] (**) SONiX ROYUAN Gaming Keyboard Mouse: always reports core events
[   630.782] (**) Option "Device" "/dev/input/event11"
[   630.782] (**) Option "_source" "server/udev"
[   630.783] (II) event11 - SONiX ROYUAN Gaming Keyboard Mouse: is tagged by udev as: Mouse
[   630.783] (II) event11 - SONiX ROYUAN Gaming Keyboard Mouse: device is a pointer
[   630.783] (II) event11 - SONiX ROYUAN Gaming Keyboard Mouse: device removed
[   630.783] (**) Option "config_info" "udev:/sys/devices/pci0000:00/0000:00:08.1/0000:03:00.3/usb1/1-4/1-4:1.1/0003:0C45:7044.0006/input/input28/event11"
[   630.783] (II) XINPUT: Adding extended input device "SONiX ROYUAN Gaming Keyboard Mouse" (type: MOUSE, id 16)
[   630.784] (**) Option "AccelerationScheme" "none"
[   630.784] (**) SONiX ROYUAN Gaming Keyboard Mouse: (accel) selected scheme none/0
[   630.784] (**) SONiX ROYUAN Gaming Keyboard Mouse: (accel) acceleration factor: 2.000
[   630.784] (**) SONiX ROYUAN Gaming Keyboard Mouse: (accel) acceleration threshold: 4
[   630.785] (II) event11 - SONiX ROYUAN Gaming Keyboard Mouse: is tagged by udev as: Mouse
[   630.785] (II) event11 - SONiX ROYUAN Gaming Keyboard Mouse: device is a pointer
[   630.788] (II) config/udev: Adding input device SONiX ROYUAN Gaming Keyboard (/dev/input/event10)
[   630.788] (**) SONiX ROYUAN Gaming Keyboard: Applying InputClass "libinput keyboard catchall"
[   630.788] (**) SONiX ROYUAN Gaming Keyboard: Applying InputClass "libinput keyboard catchall"
[   630.788] (II) Using input driver 'libinput' for 'SONiX ROYUAN Gaming Keyboard'
[   630.793] (II) systemd-logind: got fd for /dev/input/event10 13:74 fd 49 paused 0
[   630.793] (**) SONiX ROYUAN Gaming Keyboard: always reports core events
[   630.793] (**) Option "Device" "/dev/input/event10"
[   630.793] (**) Option "_source" "server/udev"
[   630.794] (II) event10 - SONiX ROYUAN Gaming Keyboard: is tagged by udev as: Keyboard
[   630.794] (II) event10 - SONiX ROYUAN Gaming Keyboard: device is a keyboard
[   630.795] (II) event10 - SONiX ROYUAN Gaming Keyboard: device removed
[   630.795] (**) Option "config_info" "udev:/sys/devices/pci0000:00/0000:00:08.1/0000:03:00.3/usb1/1-4/1-4:1.0/0003:0C45:7044.0005/input/input27/event10"
[   630.795] (II) XINPUT: Adding extended input device "SONiX ROYUAN Gaming Keyboard" (type: KEYBOARD, id 17)
[   630.802] (II) event10 - SONiX ROYUAN Gaming Keyboard: is tagged by udev as: Keyboard
[   630.802] (II) event10 - SONiX ROYUAN Gaming Keyboard: device is a keyboard
[   630.804] (II) config/udev: Adding input device SONiX ROYUAN Gaming Keyboard (/dev/input/event18)
[   630.804] (**) SONiX ROYUAN Gaming Keyboard: Applying InputClass "libinput keyboard catchall"
[   630.804] (**) SONiX ROYUAN Gaming Keyboard: Applying InputClass "libinput keyboard catchall"
[   630.804] (II) Using input driver 'libinput' for 'SONiX ROYUAN Gaming Keyboard'
[   630.805] (II) systemd-logind: got fd for /dev/input/event18 13:82 fd 50 paused 0
[   630.805] (**) SONiX ROYUAN Gaming Keyboard: always reports core events
[   630.805] (**) Option "Device" "/dev/input/event18"
[   630.805] (**) Option "_source" "server/udev"
[   630.806] (II) event18 - SONiX ROYUAN Gaming Keyboard: is tagged by udev as: Keyboard
[   630.806] (II) event18 - SONiX ROYUAN Gaming Keyboard: device is a keyboard
[   630.807] (II) event18 - SONiX ROYUAN Gaming Keyboard: device removed
[   630.807] (**) Option "config_info" "udev:/sys/devices/pci0000:00/0000:00:08.1/0000:03:00.3/usb1/1-4/1-4:1.1/0003:0C45:7044.0006/input/input32/event18"
[   630.807] (II) XINPUT: Adding extended input device "SONiX ROYUAN Gaming Keyboard" (type: KEYBOARD, id 18)
[   630.808] (II) event18 - SONiX ROYUAN Gaming Keyboard: is tagged by udev as: Keyboard
[   630.808] (II) event18 - SONiX ROYUAN Gaming Keyboard: device is a keyboard
[   630.809] (II) config/udev: Adding input device SONiX ROYUAN Gaming Keyboard Consumer Control (/dev/input/event16)
[   630.809] (**) SONiX ROYUAN Gaming Keyboard Consumer Control: Applying InputClass "libinput keyboard catchall"
[   630.809] (**) SONiX ROYUAN Gaming Keyboard Consumer Control: Applying InputClass "libinput keyboard catchall"
[   630.809] (II) Using input driver 'libinput' for 'SONiX ROYUAN Gaming Keyboard Consumer Control'
[   630.810] (II) systemd-logind: got fd for /dev/input/event16 13:80 fd 51 paused 0
[   630.810] (**) SONiX ROYUAN Gaming Keyboard Consumer Control: always reports core events
[   630.810] (**) Option "Device" "/dev/input/event16"
[   630.810] (**) Option "_source" "server/udev"
[   630.811] (II) event16 - SONiX ROYUAN Gaming Keyboard Consumer Control: is tagged by udev as: Keyboard
[   630.811] (II) event16 - SONiX ROYUAN Gaming Keyboard Consumer Control: device is a keyboard
[   630.812] (II) event16 - SONiX ROYUAN Gaming Keyboard Consumer Control: device removed
[   630.812] (II) libinput: SONiX ROYUAN Gaming Keyboard Consumer Control: needs a virtual subdevice
[   630.812] (**) Option "config_info" "udev:/sys/devices/pci0000:00/0000:00:08.1/0000:03:00.3/usb1/1-4/1-4:1.1/0003:0C45:7044.0006/input/input30/event16"
[   630.812] (II) XINPUT: Adding extended input device "SONiX ROYUAN Gaming Keyboard Consumer Control" (type: MOUSE, id 19)
[   630.812] (**) Option "AccelerationScheme" "none"
[   630.812] (**) SONiX ROYUAN Gaming Keyboard Consumer Control: (accel) selected scheme none/0
[   630.812] (**) SONiX ROYUAN Gaming Keyboard Consumer Control: (accel) acceleration factor: 2.000
[   630.812] (**) SONiX ROYUAN Gaming Keyboard Consumer Control: (accel) acceleration threshold: 4
[   630.813] (II) event16 - SONiX ROYUAN Gaming Keyboard Consumer Control: is tagged by udev as: Keyboard
[   630.813] (II) event16 - SONiX ROYUAN Gaming Keyboard Consumer Control: device is a keyboard
[   630.814] (**) SONiX ROYUAN Gaming Keyboard Consumer Control: Applying InputClass "libinput keyboard catchall"
[   630.814] (**) SONiX ROYUAN Gaming Keyboard Consumer Control: Applying InputClass "libinput keyboard catchall"
[   630.814] (II) Using input driver 'libinput' for 'SONiX ROYUAN Gaming Keyboard Consumer Control'
[   630.814] (II) systemd-logind: returning pre-existing fd for /dev/input/event16 13:80
[   630.814] (**) SONiX ROYUAN Gaming Keyboard Consumer Control: always reports core events
[   630.814] (**) Option "Device" "/dev/input/event16"
[   630.814] (**) Option "_source" "_driver/libinput"
[   630.814] (II) libinput: SONiX ROYUAN Gaming Keyboard Consumer Control: is a virtual subdevice
[   630.814] (**) Option "config_info" "udev:/sys/devices/pci0000:00/0000:00:08.1/0000:03:00.3/usb1/1-4/1-4:1.1/0003:0C45:7044.0006/input/input30/event16"
[   630.814] (II) XINPUT: Adding extended input device "SONiX ROYUAN Gaming Keyboard Consumer Control" (type: KEYBOARD, id 20)
[   725.447] (II) modeset(0): EDID vendor "CMN", prod id 5349
[   725.447] (II) modeset(0): Printing DDC gathered Modelines:
[   725.447] (II) modeset(0): Modeline "1920x1080"x0.0  152.84  1920 2000 2060 2250  1080 1086 1094 1132 -hsync -vsync (67.9 kHz eP)
[   725.449] (--) modeset(0): HDMI max TMDS frequency 300000KHz
[   739.257] (II) modeset(0): Allocate new frame buffer 3840x1080 stride
[  3792.746] (II) event9  - Logitech Wireless Mouse: Enabling spurious button debouncing, see https://wayland.freedesktop.org/libinput/doc/1.18.1/button-debouncing.html for details
[  3978.449] (EE) event10 - SONiX ROYUAN Gaming Keyboard: client bug: event processing lagging behind by 20ms, your system is too slow
[  8085.993] (EE) event10 - SONiX ROYUAN Gaming Keyboard: client bug: event processing lagging behind by 28ms, your system is too slow
[  8096.620] (EE) event10 - SONiX ROYUAN Gaming Keyboard: client bug: event processing lagging behind by 11ms, your system is too slow
[  8768.649] (EE) event10 - SONiX ROYUAN Gaming Keyboard: client bug: event processing lagging behind by 13ms, your system is too slow
[  8794.484] (EE) event10 - SONiX ROYUAN Gaming Keyboard: client bug: event processing lagging behind by 19ms, your system is too slow
[  8970.123] (EE) event10 - SONiX ROYUAN Gaming Keyboard: client bug: event processing lagging behind by 15ms, your system is too slow
[  8970.123] (EE) event10 - SONiX ROYUAN Gaming Keyboard: WARNING: log rate limit exceeded (5 msgs per 60min). Discarding future messages.
[ 11931.826] (EE) event10 - SONiX ROYUAN Gaming Keyboard: client bug: event processing lagging behind by 24ms, your system is too slow
[ 12544.090] (EE) event10 - SONiX ROYUAN Gaming Keyboard: client bug: event processing lagging behind by 32ms, your system is too slow
